TN:
SF:/Users/lzz/github/pandora/overlay/src/index.js
FN:107,(anonymous_1)
FN:123,(anonymous_2)
FN:159,(anonymous_3)
FN:176,(anonymous_4)
FN:192,(anonymous_5)
FN:204,(anonymous_6)
FN:210,(anonymous_7)
FN:242,(anonymous_8)
FN:245,(anonymous_9)
FN:259,(anonymous_10)
FN:261,(anonymous_11)
FN:265,(anonymous_12)
FN:267,(anonymous_13)
FNF:13
FNH:9
FNDA:28,(anonymous_1)
FNDA:28,(anonymous_2)
FNDA:29,(anonymous_3)
FNDA:2,(anonymous_4)
FNDA:0,(anonymous_5)
FNDA:0,(anonymous_6)
FNDA:28,(anonymous_7)
FNDA:2,(anonymous_8)
FNDA:1,(anonymous_9)
FNDA:27,(anonymous_10)
FNDA:0,(anonymous_11)
FNDA:1,(anonymous_12)
FNDA:0,(anonymous_13)
DA:9,1
DA:20,1
DA:108,28
DA:116,28
DA:126,28
DA:139,28
DA:140,28
DA:141,28
DA:144,28
DA:149,28
DA:154,28
DA:159,28
DA:170,29
DA:171,0
DA:174,29
DA:177,29
DA:188,2
DA:189,0
DA:192,2
DA:195,2
DA:205,0
DA:207,0
DA:217,0
DA:219,0
DA:223,28
DA:225,28
DA:228,28
DA:231,28
DA:237,28
DA:240,28
DA:246,1
DA:257,2
DA:260,1
DA:274,27
DA:275,27
DA:276,0
DA:280,1
DA:281,1
DA:282,0
DA:288,1
LF:40
LH:32
BRDA:127,1,0,28
BRDA:127,1,1,11
BRDA:129,2,0,28
BRDA:129,2,1,11
BRDA:135,3,0,28
BRDA:135,3,1,0
BRDA:160,4,0,0
BRDA:160,4,1,29
BRDA:177,5,0,0
BRDA:177,5,1,2
BRDA:225,6,0,28
BRDA:225,6,1,28
BRDA:225,6,2,28
BRF:13
BRH:10
end_of_record
